{"C:\\Users\\jjasl\\Recipe_Platform-API-Project-Plan\\src\\app.ts": {"path":"C:\\Users\\jjasl\\Recipe_Platform-API-Project-Plan\\src\\app.ts","statementMap":{"0":{"start":{"line":1,"column":0},"end":{"line":1,"column":30}},"1":{"start":{"line":2,"column":0},"end":{"line":2,"column":56}},"2":{"start":{"line":3,"column":0},"end":{"line":3,"column":43}},"3":{"start":{"line":4,"column":0},"end":{"line":4,"column":51}},"4":{"start":{"line":5,"column":0},"end":{"line":5,"column":58}},"5":{"start":{"line":7,"column":12},"end":{"line":7,"column":21}},"6":{"start":{"line":8,"column":0},"end":{"line":8,"column":24}},"7":{"start":{"line":10,"column":0},"end":{"line":10,"column":41}},"8":{"start":{"line":11,"column":0},"end":{"line":11,"column":68}},"9":{"start":{"line":12,"column":0},"end":{"line":14,"column":3}},"10":{"start":{"line":13,"column":2},"end":{"line":13,"column":50}},"11":{"start":{"line":17,"column":0},"end":{"line":17,"column":17}},"12":{"start":{"line":20,"column":0},"end":{"line":20,"column":19}}},"fnMap":{"0":{"name":"(anonymous_1)","decl":{"start":{"line":12,"column":13},"end":{"line":12,"column":14}},"loc":{"start":{"line":12,"column":26},"end":{"line":14,"column":1}}}},"branchMap":{},"s":{"0":1,"1":1,"2":1,"3":1,"4":1,"5":1,"6":1,"7":1,"8":1,"9":1,"10":0,"11":1,"12":1},"f":{"0":0},"b":{}}
,"C:\\Users\\jjasl\\Recipe_Platform-API-Project-Plan\\src\\api\\v1\\controllers\\recipecontrollers.ts": {"path":"C:\\Users\\jjasl\\Recipe_Platform-API-Project-Plan\\src\\api\\v1\\controllers\\recipecontrollers.ts","statementMap":{"0":{"start":{"line":6,"column":24},"end":{"line":9,"column":2}},"1":{"start":{"line":12,"column":29},"end":{"line":14,"column":1}},"2":{"start":{"line":13,"column":2},"end":{"line":13,"column":20}},"3":{"start":{"line":12,"column":13},"end":{"line":12,"column":29}},"4":{"start":{"line":17,"column":29},"end":{"line":21,"column":1}},"5":{"start":{"line":18,"column":17},"end":{"line":18,"column":58}},"6":{"start":{"line":18,"column":35},"end":{"line":18,"column":57}},"7":{"start":{"line":19,"column":2},"end":{"line":19,"column":76}},"8":{"start":{"line":19,"column":15},"end":{"line":19,"column":76}},"9":{"start":{"line":20,"column":2},"end":{"line":20,"column":19}},"10":{"start":{"line":17,"column":13},"end":{"line":17,"column":29}},"11":{"start":{"line":24,"column":28},"end":{"line":28,"column":1}},"12":{"start":{"line":25,"column":28},"end":{"line":25,"column":70}},"13":{"start":{"line":26,"column":2},"end":{"line":26,"column":26}},"14":{"start":{"line":27,"column":2},"end":{"line":27,"column":34}},"15":{"start":{"line":24,"column":13},"end":{"line":24,"column":28}},"16":{"start":{"line":31,"column":28},"end":{"line":37,"column":1}},"17":{"start":{"line":32,"column":16},"end":{"line":32,"column":62}},"18":{"start":{"line":32,"column":39},"end":{"line":32,"column":61}},"19":{"start":{"line":33,"column":2},"end":{"line":33,"column":81}},"20":{"start":{"line":33,"column":20},"end":{"line":33,"column":81}},"21":{"start":{"line":35,"column":2},"end":{"line":35,"column":54}},"22":{"start":{"line":36,"column":2},"end":{"line":36,"column":66}},"23":{"start":{"line":31,"column":13},"end":{"line":31,"column":28}},"24":{"start":{"line":40,"column":28},"end":{"line":46,"column":1}},"25":{"start":{"line":41,"column":16},"end":{"line":41,"column":62}},"26":{"start":{"line":41,"column":39},"end":{"line":41,"column":61}},"27":{"start":{"line":42,"column":2},"end":{"line":42,"column":81}},"28":{"start":{"line":42,"column":20},"end":{"line":42,"column":81}},"29":{"start":{"line":44,"column":2},"end":{"line":44,"column":27}},"30":{"start":{"line":45,"column":2},"end":{"line":45,"column":42}},"31":{"start":{"line":40,"column":13},"end":{"line":40,"column":28}}},"fnMap":{"0":{"name":"(anonymous_0)","decl":{"start":{"line":12,"column":29},"end":{"line":12,"column":30}},"loc":{"start":{"line":12,"column":61},"end":{"line":14,"column":1}}},"1":{"name":"(anonymous_1)","decl":{"start":{"line":17,"column":29},"end":{"line":17,"column":30}},"loc":{"start":{"line":17,"column":61},"end":{"line":21,"column":1}}},"2":{"name":"(anonymous_2)","decl":{"start":{"line":18,"column":30},"end":{"line":18,"column":31}},"loc":{"start":{"line":18,"column":35},"end":{"line":18,"column":57}}},"3":{"name":"(anonymous_3)","decl":{"start":{"line":24,"column":28},"end":{"line":24,"column":29}},"loc":{"start":{"line":24,"column":60},"end":{"line":28,"column":1}}},"4":{"name":"(anonymous_4)","decl":{"start":{"line":31,"column":28},"end":{"line":31,"column":29}},"loc":{"start":{"line":31,"column":60},"end":{"line":37,"column":1}}},"5":{"name":"(anonymous_5)","decl":{"start":{"line":32,"column":34},"end":{"line":32,"column":35}},"loc":{"start":{"line":32,"column":39},"end":{"line":32,"column":61}}},"6":{"name":"(anonymous_6)","decl":{"start":{"line":40,"column":28},"end":{"line":40,"column":29}},"loc":{"start":{"line":40,"column":60},"end":{"line":46,"column":1}}},"7":{"name":"(anonymous_7)","decl":{"start":{"line":41,"column":34},"end":{"line":41,"column":35}},"loc":{"start":{"line":41,"column":39},"end":{"line":41,"column":61}}}},"branchMap":{"0":{"loc":{"start":{"line":19,"column":2},"end":{"line":19,"column":76}},"type":"if","locations":[{"start":{"line":19,"column":2},"end":{"line":19,"column":76}},{"start":{},"end":{}}]},"1":{"loc":{"start":{"line":33,"column":2},"end":{"line":33,"column":81}},"type":"if","locations":[{"start":{"line":33,"column":2},"end":{"line":33,"column":81}},{"start":{},"end":{}}]},"2":{"loc":{"start":{"line":42,"column":2},"end":{"line":42,"column":81}},"type":"if","locations":[{"start":{"line":42,"column":2},"end":{"line":42,"column":81}},{"start":{},"end":{}}]}},"s":{"0":1,"1":1,"2":1,"3":1,"4":1,"5":0,"6":0,"7":0,"8":0,"9":0,"10":1,"11":1,"12":0,"13":0,"14":0,"15":1,"16":1,"17":0,"18":0,"19":0,"20":0,"21":0,"22":0,"23":1,"24":1,"25":0,"26":0,"27":0,"28":0,"29":0,"30":0,"31":1},"f":{"0":1,"1":0,"2":0,"3":0,"4":0,"5":0,"6":0,"7":0},"b":{"0":[0,0],"1":[0,0],"2":[0,0]}}
,"C:\\Users\\jjasl\\Recipe_Platform-API-Project-Plan\\src\\api\\v1\\routes\\reciperoutes.ts": {"path":"C:\\Users\\jjasl\\Recipe_Platform-API-Project-Plan\\src\\api\\v1\\routes\\reciperoutes.ts","statementMap":{"0":{"start":{"line":1,"column":0},"end":{"line":1,"column":30}},"1":{"start":{"line":2,"column":0},"end":{"line":2,"column":120}},"2":{"start":{"line":4,"column":15},"end":{"line":4,"column":31}},"3":{"start":{"line":6,"column":0},"end":{"line":6,"column":31}},"4":{"start":{"line":7,"column":0},"end":{"line":7,"column":34}},"5":{"start":{"line":8,"column":0},"end":{"line":8,"column":31}},"6":{"start":{"line":9,"column":0},"end":{"line":9,"column":33}},"7":{"start":{"line":10,"column":0},"end":{"line":10,"column":36}},"8":{"start":{"line":12,"column":0},"end":{"line":12,"column":22}}},"fnMap":{},"branchMap":{},"s":{"0":1,"1":1,"2":1,"3":1,"4":1,"5":1,"6":1,"7":1,"8":1},"f":{},"b":{}}
,"C:\\Users\\jjasl\\Recipe_Platform-API-Project-Plan\\src\\api\\v1\\swagger\\swagger.ts": {"path":"C:\\Users\\jjasl\\Recipe_Platform-API-Project-Plan\\src\\api\\v1\\swagger\\swagger.ts","statementMap":{"0":{"start":{"line":1,"column":0},"end":{"line":1,"column":41}},"1":{"start":{"line":3,"column":38},"end":{"line":19,"column":2}},"2":{"start":{"line":21,"column":20},"end":{"line":21,"column":41}},"3":{"start":{"line":22,"column":0},"end":{"line":22,"column":27}}},"fnMap":{},"branchMap":{},"s":{"0":1,"1":1,"2":1,"3":1},"f":{},"b":{}}
,"C:\\Users\\jjasl\\Recipe_Platform-API-Project-Plan\\src\\api\\v1\\utils\\Scheduler.ts": {"path":"C:\\Users\\jjasl\\Recipe_Platform-API-Project-Plan\\src\\api\\v1\\utils\\Scheduler.ts","statementMap":{"0":{"start":{"line":1,"column":0},"end":{"line":1,"column":29}},"1":{"start":{"line":4,"column":0},"end":{"line":6,"column":3}},"2":{"start":{"line":5,"column":2},"end":{"line":5,"column":73}},"3":{"start":{"line":9,"column":0},"end":{"line":11,"column":3}},"4":{"start":{"line":10,"column":2},"end":{"line":10,"column":71}},"5":{"start":{"line":14,"column":30},"end":{"line":16,"column":1}},"6":{"start":{"line":15,"column":2},"end":{"line":15,"column":38}},"7":{"start":{"line":14,"column":13},"end":{"line":14,"column":30}}},"fnMap":{"0":{"name":"(anonymous_1)","decl":{"start":{"line":4,"column":27},"end":{"line":4,"column":30}},"loc":{"start":{"line":4,"column":32},"end":{"line":6,"column":1}}},"1":{"name":"(anonymous_2)","decl":{"start":{"line":9,"column":27},"end":{"line":9,"column":30}},"loc":{"start":{"line":9,"column":32},"end":{"line":11,"column":1}}},"2":{"name":"(anonymous_3)","decl":{"start":{"line":14,"column":30},"end":{"line":14,"column":33}},"loc":{"start":{"line":14,"column":35},"end":{"line":16,"column":1}}}},"branchMap":{},"s":{"0":1,"1":1,"2":0,"3":1,"4":0,"5":1,"6":1,"7":1},"f":{"0":0,"1":0,"2":1},"b":{}}
}
